\BOOKMARK [1][-]{Doc-Start}{\376\377\0000\000.\000P\000r\000e\000r\000e\000q\000u\000i\000s\000i\000t\000e\000\040\000R\000o\000a\000d\000m\000a\000p}{}% 1
\BOOKMARK [1][-]{section.1}{\376\377\000O\000r\000i\000e\000n\000t\000a\000t\000i\000o\000n\000:\000\040\000W\000h\000a\000t\000\040\000M\000a\000t\000h\000L\000e\000d\000g\000e\000r\000\040\000I\000s\000\040\000S\000o\000l\000v\000i\000n\000g}{}% 2
\BOOKMARK [2][-]{subsection.1.1}{\376\377\000T\000h\000e\000\040\000A\000I\000\040\000B\000o\000t\000t\000l\000e\000n\000e\000c\000k\000:\000\040\000C\000o\000m\000p\000e\000t\000e\000n\000c\000e\000\040\000W\000i\000t\000h\000o\000u\000t\000\040\000T\000r\000u\000s\000t}{section.1}% 3
\BOOKMARK [2][-]{subsection.1.2}{\376\377\000C\000a\000v\000e\000a\000t\000:\000\040\000R\000e\000l\000i\000a\000b\000i\000l\000i\000t\000y\000\040\000D\000o\000e\000s\000\040\000N\000o\000t\000\040\000R\000e\000m\000o\000v\000e\000\040\000t\000h\000e\000\040\000N\000e\000e\000d\000\040\000f\000o\000r\000\040\000A\000u\000d\000i\000t\000a\000b\000i\000l\000i\000t\000y}{section.1}% 4
\BOOKMARK [2][-]{subsection.1.3}{\376\377\000T\000h\000e\000\040\000M\000a\000t\000h\000L\000e\000d\000g\000e\000r\000\040\000T\000h\000e\000s\000i\000s}{section.1}% 5
\BOOKMARK [2][-]{subsection.1.4}{\376\377\000A\000r\000c\000h\000i\000t\000e\000c\000t\040\031\000s\000\040\000C\000h\000e\000c\000k\000l\000i\000s\000t\000:\000\040\000N\000o\000n\000-\000N\000e\000g\000o\000t\000i\000a\000b\000l\000e\000s}{section.1}% 6
\BOOKMARK [1][-]{section.2}{\376\377\000S\000y\000s\000t\000e\000m\000\040\000P\000o\000s\000i\000t\000i\000o\000n\000i\000n\000g\000:\000\040\000L\000a\000y\000e\000r\000-\0003\000\040\000I\000n\000f\000r\000a\000s\000t\000r\000u\000c\000t\000u\000r\000e}{}% 7
\BOOKMARK [2][-]{subsection.2.1}{\376\377\000C\000a\000n\000o\000n\000i\000c\000a\000l\000\040\000P\000r\000o\000d\000u\000c\000t\000\040\000N\000a\000r\000r\000a\000t\000i\000v\000e\000s}{section.2}% 8
\BOOKMARK [1][-]{section.3}{\376\377\000W\000h\000y\000\040\000t\000h\000e\000\040\000N\000a\000m\000e\000\040\000M\000a\000t\000h\000L\000e\000d\000g\000e\000r\000\040\000S\000t\000i\000l\000l\000\040\000H\000o\000l\000d\000s}{}% 9
\BOOKMARK [2][-]{subsection.3.1}{\376\377\000T\000h\000e\000\040\000O\000r\000i\000g\000i\000n\000a\000l\000\040\000M\000e\000a\000n\000i\000n\000g\000:\000\040\000A\000\040\000L\000e\000d\000g\000e\000r\000\040\000o\000f\000\040\000M\000a\000t\000h\000e\000m\000a\000t\000i\000c\000a\000l\000\040\000T\000r\000u\000t\000h}{section.3}% 10
\BOOKMARK [2][-]{subsection.3.2}{\376\377\000W\000h\000a\000t\000\040\000C\000h\000a\000n\000g\000e\000d\000:\000\040\000F\000r\000o\000m\000\040\000M\000a\000t\000h\000e\000m\000a\000t\000i\000c\000a\000l\000\040\000T\000r\000u\000t\000h\000\040\000t\000o\000\040\000V\000e\000r\000i\000f\000i\000a\000b\000l\000e\000\040\000C\000o\000g\000n\000i\000t\000i\000o\000n}{section.3}% 11
\BOOKMARK [2][-]{subsection.3.3}{\376\377\000T\000h\000e\000\040\000N\000a\000m\000e\000\040\000a\000s\000\040\000a\000\040\000C\000o\000n\000s\000t\000r\000a\000i\000n\000t\000,\000\040\000N\000o\000t\000\040\000a\000\040\000L\000i\000m\000i\000t\000a\000t\000i\000o\000n}{section.3}% 12
\BOOKMARK [2][-]{subsection.3.4}{\376\377\000T\000h\000e\000\040\000M\000a\000t\000h\000\040\000L\000a\000d\000d\000e\000r\000\040\000W\000a\000s\000\040\000N\000o\000t\000\040\000A\000b\000a\000n\000d\000o\000n\000e\000d\000;\000\040\000I\000t\000\040\000W\000a\000s\000\040\000G\000e\000n\000e\000r\000a\000l\000i\000z\000e\000d}{section.3}% 13
\BOOKMARK [2][-]{subsection.3.5}{\376\377\000A\000r\000c\000h\000i\000t\000e\000c\000t\040\031\000s\000\040\000I\000n\000t\000e\000r\000p\000r\000e\000t\000a\000t\000i\000o\000n}{section.3}% 14
\BOOKMARK [1][-]{section.4}{\376\377\000U\000n\000c\000h\000a\000r\000t\000e\000d\000\040\000S\000u\000r\000f\000a\000c\000e\000\040\000A\000r\000e\000a\000\040\000\046\000\040\000T\000h\000e\000\040\000P\000h\000a\000s\000e\000-\000I\000I\000\040\000C\000r\000i\000t\000i\000c\000a\000l\000\040\000P\000a\000t\000h}{}% 15
\BOOKMARK [2][-]{subsection.4.1}{\376\377\0001\000.\000U\000n\000c\000h\000a\000r\000t\000e\000d\000\040\000o\000r\000\040\000U\000n\000d\000e\000r\000d\000e\000t\000a\000i\000l\000e\000d\000\040\000D\000o\000m\000a\000i\000n\000s}{section.4}% 16
\BOOKMARK [2][-]{subsection.4.2}{\376\377\0002\000.\000T\000i\000e\000r\000\040\000C\000l\000a\000s\000s\000i\000f\000i\000c\000a\000t\000i\000o\000n\000:\000\040\000W\000h\000a\000t\000\040\000I\000s\000\040\000P\000r\000e\000s\000s\000i\000n\000g\000\040\000f\000o\000r\000\040\000P\000h\000a\000s\000e\000\040\000I\000I}{section.4}% 17
\BOOKMARK [2][-]{subsection.4.3}{\376\377\0003\000.\000A\000r\000c\000h\000i\000t\000e\000c\000t\040\031\000s\000\040\000D\000i\000r\000e\000c\000t\000i\000v\000e\000:\000\040\000T\000h\000e\000\040\000I\000r\000o\000n\000-\000T\000r\000i\000a\000n\000g\000l\000e\000\040\000C\000r\000i\000t\000i\000c\000a\000l\000\040\000P\000a\000t\000h}{section.4}% 18
\BOOKMARK [1][-]{section.5}{\376\377\000G\000o\000v\000e\000r\000n\000e\000d\000\040\000C\000o\000g\000n\000i\000t\000i\000v\000e\000\040\000S\000u\000b\000s\000t\000r\000a\000t\000e\000s\000:\000\040\000T\000h\000e\000\040\000N\000a\000t\000i\000o\000n\000-\000S\000t\000a\000t\000e\000\040\000A\000n\000a\000l\000o\000g\000y}{}% 19
\BOOKMARK [2][-]{subsection.5.1}{\376\377\000W\000h\000y\000\040\000a\000\040\000`\000`\000N\000a\000t\000i\000o\000n\000-\000S\000t\000a\000t\000e\000'\000'\000\040\000A\000n\000a\000l\000o\000g\000y\000\040\000E\000m\000e\000r\000g\000e\000d\000\040\000O\000r\000g\000a\000n\000i\000c\000a\000l\000l\000y}{section.5}% 20
\BOOKMARK [2][-]{subsection.5.2}{\376\377\000T\000h\000r\000e\000e\000\040\000K\000i\000n\000d\000s\000\040\000o\000f\000\040\000`\000`\000R\000e\000v\000o\000l\000u\000t\000i\000o\000n\000'\000'\000\040\000i\000n\000\040\000C\000o\000g\000n\000i\000t\000i\000v\000e\000\040\000S\000y\000s\000t\000e\000m\000s}{section.5}% 21
\BOOKMARK [2][-]{subsection.5.3}{\376\377\000W\000h\000y\000\040\000P\000o\000l\000i\000t\000i\000c\000a\000l\000\040\000U\000p\000r\000i\000s\000i\000n\000g\000s\000\040\000H\000a\000v\000e\000\040\000N\000o\000\040\000A\000n\000a\000l\000o\000g\000u\000e\000\040\000i\000n\000\040\000M\000a\000t\000h\000L\000e\000d\000g\000e\000r}{section.5}% 22
\BOOKMARK [2][-]{subsection.5.4}{\376\377\000P\000h\000a\000s\000e\000\040\000T\000r\000a\000n\000s\000i\000t\000i\000o\000n\000s\000\040\000a\000s\000\040\000`\000`\000C\000o\000g\000n\000i\000t\000i\000v\000e\000\040\000R\000e\000g\000i\000m\000e\000\040\000C\000h\000a\000n\000g\000e\000s\000'\000'}{section.5}% 23
\BOOKMARK [2][-]{subsection.5.5}{\376\377\000A\000r\000c\000h\000i\000t\000e\000c\000t\040\031\000s\000\040\000I\000n\000t\000e\000r\000p\000r\000e\000t\000a\000t\000i\000o\000n\000:\000\040\000A\000\040\000G\000o\000v\000e\000r\000n\000e\000d\000\040\000C\000o\000g\000n\000i\000t\000i\000v\000e\000\040\000C\000o\000m\000m\000o\000n\000w\000e\000a\000l\000t\000h}{section.5}% 24
\BOOKMARK [1][-]{section.6}{\376\377\000B\000a\000c\000k\000g\000r\000o\000u\000n\000d\000\040\000I\000:\000\040\000L\000o\000g\000i\000c\000,\000\040\000P\000r\000o\000o\000f\000,\000\040\000a\000n\000d\000\040\000S\000e\000m\000a\000n\000t\000i\000c\000s}{}% 25
\BOOKMARK [2][-]{subsection.6.1}{\376\377\000S\000y\000n\000t\000a\000x\000\040\000v\000s\000.\000\040\000S\000e\000m\000a\000n\000t\000i\000c\000s}{section.6}% 26
\BOOKMARK [2][-]{subsection.6.2}{\376\377\000S\000o\000u\000n\000d\000n\000e\000s\000s\000\040\000a\000n\000d\000\040\000C\000o\000m\000p\000l\000e\000t\000e\000n\000e\000s\000s}{section.6}% 27
\BOOKMARK [2][-]{subsection.6.3}{\376\377\000P\000r\000o\000p\000o\000s\000i\000t\000i\000o\000n\000a\000l\000\040\000L\000o\000g\000i\000c\000\040\000a\000n\000d\000\040\000T\000a\000u\000t\000o\000l\000o\000g\000i\000e\000s}{section.6}% 28
\BOOKMARK [1][-]{section.7}{\376\377\000B\000a\000c\000k\000g\000r\000o\000u\000n\000d\000\040\000I\000I\000:\000\040\000C\000r\000y\000p\000t\000o\000g\000r\000a\000p\000h\000y\000\040\000a\000n\000d\000\040\000L\000e\000d\000g\000e\000r\000s}{}% 29
\BOOKMARK [2][-]{subsection.7.1}{\376\377\000H\000a\000s\000h\000\040\000F\000u\000n\000c\000t\000i\000o\000n\000s\000\040\000a\000n\000d\000\040\000C\000a\000n\000o\000n\000i\000c\000a\000l\000\040\000I\000d\000e\000n\000t\000i\000t\000y}{section.7}% 30
\BOOKMARK [2][-]{subsection.7.2}{\376\377\000M\000e\000r\000k\000l\000e\000\040\000T\000r\000e\000e\000s\000\040\000a\000n\000d\000\040\000M\000o\000n\000o\000t\000o\000n\000e\000\040\000L\000e\000d\000g\000e\000r\000s}{section.7}% 31
\BOOKMARK [2][-]{subsection.7.3}{\376\377\000C\000a\000n\000o\000n\000i\000c\000a\000l\000i\000z\000a\000t\000i\000o\000n\000\040\000a\000n\000d\000\040\000D\000o\000m\000a\000i\000n\000\040\000S\000e\000p\000a\000r\000a\000t\000i\000o\000n}{section.7}% 32
\BOOKMARK [2][-]{subsection.7.4}{\376\377\000T\000h\000r\000e\000a\000t\000\040\000M\000o\000d\000e\000l\000\040\000\050\000I\000n\000f\000o\000r\000m\000a\000l\000\051}{section.7}% 33
\BOOKMARK [2][-]{subsection.7.5}{\376\377\000P\000o\000s\000t\000-\000Q\000u\000a\000n\000t\000u\000m\000\040\000T\000h\000r\000e\000a\000t\000\040\000M\000o\000d\000e\000l\000\040\000a\000n\000d\000\040\000M\000i\000g\000r\000a\000t\000i\000o\000n\000\040\000P\000a\000t\000h}{section.7}% 34
\BOOKMARK [2][-]{subsection.7.6}{\376\377\000\050\000I\000n\000f\000o\000r\000m\000a\000l\000\051\000\040\000Q\000u\000a\000n\000t\000u\000m\000-\000R\000e\000s\000i\000l\000i\000e\000n\000t\000\040\000I\000n\000v\000a\000r\000i\000a\000n\000t\000s}{section.7}% 35
\BOOKMARK [1][-]{section.8}{\376\377\000B\000a\000c\000k\000g\000r\000o\000u\000n\000d\000\040\000I\000I\000I\000:\000\040\000P\000r\000o\000b\000a\000b\000i\000l\000i\000t\000y\000\040\000\046\000\040\000S\000t\000o\000c\000h\000a\000s\000t\000i\000c\000\040\000A\000p\000p\000r\000o\000x\000i\000m\000a\000t\000i\000o\000n}{}% 36
\BOOKMARK [2][-]{subsection.8.1}{\376\377\000R\000a\000n\000d\000o\000m\000\040\000V\000a\000r\000i\000a\000b\000l\000e\000s\000,\000\040\000F\000i\000l\000t\000r\000a\000t\000i\000o\000n\000s\000,\000\040\000a\000n\000d\000\040\000A\000d\000a\000p\000t\000e\000d\000\040\000P\000r\000o\000c\000e\000s\000s\000e\000s}{section.8}% 37
\BOOKMARK [2][-]{subsection.8.2}{\376\377\000M\000a\000r\000t\000i\000n\000g\000a\000l\000e\000s\000\040\000a\000n\000d\000\040\000S\000u\000p\000e\000r\000m\000a\000r\000t\000i\000n\000g\000a\000l\000e\000s\000\040\000\050\000I\000n\000t\000u\000i\000t\000i\000o\000n\000\051}{section.8}% 38
\BOOKMARK [2][-]{subsection.8.3}{\376\377\000A\000\040\000T\000o\000y\000\040\000R\000o\000b\000b\000i\000n\000s\040\023\000S\000i\000e\000g\000m\000u\000n\000d\000-\000T\000y\000p\000e\000\040\000R\000e\000s\000u\000l\000t}{section.8}% 39
\BOOKMARK [2][-]{subsection.8.4}{\376\377\000S\000c\000a\000l\000a\000r\000\040\000T\000o\000y\000\040\000E\000x\000a\000m\000p\000l\000e}{section.8}% 40
\BOOKMARK [2][-]{subsection.8.5}{\376\377\000C\000o\000n\000n\000e\000c\000t\000i\000o\000n\000\040\000t\000o\000\040\000R\000F\000L}{section.8}% 41
\BOOKMARK [1][-]{section.9}{\376\377\000S\000e\000a\000r\000c\000h\000,\000\040\000P\000l\000a\000n\000n\000i\000n\000g\000,\000\040\000a\000n\000d\000\040\000E\000v\000e\000n\000t\000\040\000G\000e\000n\000e\000r\000a\000t\000i\000o\000n}{}% 42
\BOOKMARK [2][-]{subsection.9.1}{\376\377\000F\000r\000o\000m\000\040\000P\000o\000l\000i\000c\000y\000\040\000t\000o\000\040\000E\000v\000e\000n\000t\000\040\000D\000i\000s\000t\000r\000i\000b\000u\000t\000i\000o\000n}{section.9}% 43
\BOOKMARK [2][-]{subsection.9.2}{\376\377\000P\000l\000a\000n\000n\000e\000r\000\040\000S\000h\000a\000p\000e\000:\000\040\000G\000u\000i\000d\000e\000d\000\040\000G\000r\000a\000p\000h\000\040\000S\000e\000a\000r\000c\000h}{section.9}% 44
\BOOKMARK [2][-]{subsection.9.3}{\376\377\000R\000L\000,\000\040\000E\000x\000p\000l\000o\000r\000a\000t\000i\000o\000n\000,\000\040\000a\000n\000d\000\040\000R\000F\000L}{section.9}% 45
\BOOKMARK [2][-]{subsection.9.4}{\376\377\000A\000l\000g\000o\000r\000i\000t\000h\000m\000i\000c\000\040\000S\000k\000e\000t\000c\000h\000:\000\040\000E\000v\000e\000n\000t\000\040\000G\000e\000n\000e\000r\000a\000t\000i\000o\000n\000\040\000L\000o\000o\000p}{section.9}% 46
\BOOKMARK [1][-]{section.10}{\376\377\000S\000y\000s\000t\000e\000m\000\040\000O\000v\000e\000r\000v\000i\000e\000w\000:\000\040\000O\000r\000g\000a\000n\000s\000\040\000o\000f\000\040\000t\000h\000e\000\040\000O\000r\000g\000a\000n\000i\000s\000m}{}% 47
\BOOKMARK [2][-]{subsection.10.1}{\376\377\000C\000o\000r\000e\000\040\000P\000i\000p\000e\000l\000i\000n\000e}{section.10}% 48
\BOOKMARK [2][-]{subsection.10.2}{\376\377\000D\000a\000t\000a\000\040\000M\000o\000d\000e\000l\000\040\000I\000n\000t\000u\000i\000t\000i\000o\000n}{section.10}% 49
\BOOKMARK [2][-]{subsection.10.2}{\376\377\000A\000d\000d\000e\000n\000d\000u\000m\000:\000\040\000T\000o\000p\000o\000l\000o\000g\000i\000c\000a\000l\000\040\000S\000t\000r\000u\000c\000t\000u\000r\000e\000\040\000o\000f\000\040\000P\000r\000o\000o\000f\000\040\000D\000A\000G\000s}{section.10}% 50
\BOOKMARK [1][-]{section.11}{\376\377\000T\000h\000e\000\040\000L\000o\000g\000i\000c\000\040\000L\000a\000d\000d\000e\000r\000\040\000a\000n\000d\000\040\000C\000u\000r\000r\000i\000c\000u\000l\000u\000m\000\040\000S\000l\000i\000c\000e\000s}{}% 51
\BOOKMARK [2][-]{subsection.11.1}{\376\377\000C\000u\000r\000r\000i\000c\000u\000l\000u\000m\000\040\000a\000s\000\040\000a\000\040\000C\000o\000n\000t\000r\000o\000l\000\040\000S\000u\000r\000f\000a\000c\000e}{section.11}% 52
\BOOKMARK [2][-]{subsection.11.2}{\376\377\000A\000u\000t\000h\000e\000n\000t\000i\000c\000\040\000S\000y\000n\000t\000h\000e\000t\000i\000c\000\040\000D\000a\000t\000a}{section.11}% 53
\BOOKMARK [1][-]{section.12}{\376\377\000D\000u\000a\000l\000\040\000A\000t\000t\000e\000s\000t\000a\000t\000i\000o\000n\000\040\000a\000n\000d\000\040\000U\000s\000e\000r\000-\000V\000e\000r\000i\000f\000i\000e\000d\000\040\000I\000n\000p\000u\000t}{}% 54
\BOOKMARK [2][-]{subsection.12.1}{\376\377\000R\000e\000a\000s\000o\000n\000i\000n\000g\000\040\000R\000o\000o\000t\000\040\000a\000n\000d\000\040\000U\000I\000\040\000R\000o\000o\000t}{section.12}% 55
\BOOKMARK [2][-]{subsection.12.2}{\376\377\000U\000s\000e\000r\000-\000V\000e\000r\000i\000f\000i\000e\000d\000\040\000I\000n\000p\000u\000t\000\040\000L\000o\000o\000p\000\040\000\050\000U\000V\000I\000L\000\051}{section.12}% 56
\BOOKMARK [1][-]{section.13}{\376\377\000T\000r\000u\000s\000t\000\040\000C\000l\000a\000s\000s\000e\000s\000\040\000a\000n\000d\000\040\000C\000r\000y\000p\000t\000o\000g\000r\000a\000p\000h\000i\000c\000\040\000C\000o\000m\000m\000i\000t\000m\000e\000n\000t}{}% 57
\BOOKMARK [2][-]{subsection.13.1}{\376\377\000T\000r\000u\000s\000t\000\040\000C\000l\000a\000s\000s\000e\000s}{section.13}% 58
\BOOKMARK [2][-]{subsection.13.2}{\376\377\000S\000e\000p\000a\000r\000a\000t\000i\000o\000n\000\040\000o\000f\000\040\000V\000e\000r\000i\000f\000i\000c\000a\000t\000i\000o\000n\000\040\000a\000n\000d\000\040\000A\000t\000t\000e\000s\000t\000a\000t\000i\000o\000n}{section.13}% 59
\BOOKMARK [2][-]{subsection.13.3}{\376\377\000C\000r\000y\000p\000t\000o\000g\000r\000a\000p\000h\000i\000c\000\040\000C\000o\000m\000m\000i\000t\000m\000e\000n\000t\000\040\000t\000o\000\040\000T\000r\000u\000s\000t\000\040\000C\000l\000a\000s\000s}{section.13}% 60
\BOOKMARK [2][-]{subsection.13.4}{\376\377\000M\000e\000r\000k\000l\000e\000\040\000R\000o\000o\000t\000s\000\040\000a\000n\000d\000\040\000D\000u\000a\000l\000\040\000A\000t\000t\000e\000s\000t\000a\000t\000i\000o\000n}{section.13}% 61
\BOOKMARK [2][-]{subsection.13.5}{\376\377\000D\000e\000s\000i\000g\000n\000\040\000I\000m\000p\000l\000i\000c\000a\000t\000i\000o\000n}{section.13}% 62
\BOOKMARK [1][-]{section.14}{\376\377\000R\000e\000f\000l\000e\000x\000i\000v\000e\000\040\000F\000o\000r\000m\000a\000l\000\040\000L\000e\000a\000r\000n\000i\000n\000g\000\040\000\050\000R\000F\000L\000\051\000:\000\040\000C\000o\000n\000c\000e\000p\000t\000u\000a\000l\000\040\000L\000a\000y\000e\000r}{}% 63
\BOOKMARK [2][-]{subsection.14.1}{\376\377\000P\000o\000l\000i\000c\000i\000e\000s\000\040\000a\000n\000d\000\040\000E\000p\000i\000s\000t\000e\000m\000i\000c\000\040\000R\000i\000s\000k}{section.14}% 64
\BOOKMARK [2][-]{subsection.14.2}{\376\377\000U\000p\000d\000a\000t\000e\000\040\000A\000l\000g\000e\000b\000r\000a}{section.14}% 65
\BOOKMARK [2][-]{subsection.14.3}{\376\377\000A\000b\000s\000t\000e\000n\000t\000i\000o\000n\000\040\000N\000o\000t\000i\000o\000n\000s}{section.14}% 66
\BOOKMARK [2][-]{subsection.14.3}{\376\377\000A\000d\000d\000e\000n\000d\000u\000m\000:\000\040\000R\000F\000L\000\040\000R\000e\000q\000u\000i\000r\000e\000s\000\040\000S\000t\000r\000u\000c\000t\000u\000r\000a\000l\000\040\000I\000n\000t\000e\000g\000r\000i\000t\000y\000\040\000S\000i\000g\000n\000a\000l\000s}{section.14}% 67
\BOOKMARK [1][-]{section.15}{\376\377\000R\000F\000L\000:\000\040\000F\000r\000o\000m\000\040\000A\000r\000c\000h\000i\000t\000e\000c\000t\000u\000r\000e\000\040\000t\000o\000\040\000D\000y\000n\000a\000m\000i\000c\000s}{}% 68
\BOOKMARK [2][-]{subsection.15.1}{\376\377\000D\000e\000f\000i\000n\000i\000n\000g\000\040\000t\000h\000e\000\040\000P\000r\000o\000c\000e\000s\000s}{section.15}% 69
\BOOKMARK [2][-]{subsection.15.2}{\376\377\000N\000o\000i\000s\000e\000\040\000a\000n\000d\000\040\000D\000e\000s\000c\000e\000n\000t}{section.15}% 70
\BOOKMARK [2][-]{subsection.15.3}{\376\377\000H\000i\000g\000h\000-\000L\000e\000v\000e\000l\000\040\000T\000a\000k\000e\000a\000w\000a\000y}{section.15}% 71
\BOOKMARK [2][-]{subsection.15.3}{\376\377\000A\000d\000d\000e\000n\000d\000u\000m\000:\000\040\000T\000o\000p\000o\000l\000o\000g\000i\000c\000a\000l\000\040\000S\000t\000a\000b\000i\000l\000i\000t\000y\000\040\000a\000s\000\040\000a\000\040\000S\000A\000-\000F\000r\000i\000e\000n\000d\000l\000y\000\040\000S\000i\000g\000n\000a\000l}{section.15}% 72
\BOOKMARK [1][-]{section.16}{\376\377\000O\000r\000g\000a\000n\000i\000s\000m\000\040\000M\000e\000t\000a\000b\000o\000l\000i\000s\000m\000:\000\040\000C\000r\000o\000s\000s\000-\000L\000a\000y\000e\000r\000\040\000F\000l\000o\000w}{}% 73
\BOOKMARK [2][-]{subsection.16.1}{\376\377\000M\000e\000t\000a\000b\000o\000l\000i\000s\000m\000\040\000D\000i\000a\000g\000r\000a\000m}{section.16}% 74
\BOOKMARK [2][-]{subsection.16.2}{\376\377\000C\000o\000m\000p\000o\000n\000e\000n\000t\000\040\000T\000a\000b\000l\000e}{section.16}% 75
\BOOKMARK [1][-]{section.17}{\376\377\000E\000n\000d\000-\000t\000o\000-\000E\000n\000d\000\040\000E\000x\000a\000m\000p\000l\000e\000:\000\040\000A\000\040\000S\000i\000n\000g\000l\000e\000\040\000P\000r\000o\000o\000f\000\040\000E\000v\000e\000n\000t}{}% 76
\BOOKMARK [2][-]{subsection.17.1}{\376\377\000S\000t\000a\000t\000e\000m\000e\000n\000t\000\040\000a\000n\000d\000\040\000N\000o\000r\000m\000a\000l\000i\000z\000a\000t\000i\000o\000n}{section.17}% 77
\BOOKMARK [2][-]{subsection.17.2}{\376\377\000L\000e\000a\000n\000\040\000P\000r\000o\000o\000f\000\040\000S\000k\000e\000t\000c\000h}{section.17}% 78
\BOOKMARK [2][-]{subsection.17.3}{\376\377\000L\000e\000d\000g\000e\000r\000\040\000R\000o\000w\000s\000\040\000\050\000C\000o\000n\000c\000e\000p\000t\000u\000a\000l\000\051}{section.17}% 79
\BOOKMARK [2][-]{subsection.17.4}{\376\377\000U\000I\000\040\000E\000v\000e\000n\000t\000\040\000a\000n\000d\000\040\000D\000u\000a\000l\000\040\000A\000t\000t\000e\000s\000t\000a\000t\000i\000o\000n}{section.17}% 80
\BOOKMARK [2][-]{subsection.17.5}{\376\377\000E\000v\000e\000n\000t\000\040\000f\000o\000r\000\040\000R\000F\000L\000\040\000a\000n\000d\000\040\000U\000p\000d\000a\000t\000e}{section.17}% 81
\BOOKMARK [1][-]{section.18}{\376\377\000S\000c\000a\000l\000i\000n\000g\000\040\000L\000a\000w\000s\000,\000\040\000M\000e\000t\000r\000i\000c\000s\000,\000\040\000a\000n\000d\000\040\000E\000v\000a\000l\000u\000a\000t\000i\000o\000n}{}% 82
\BOOKMARK [2][-]{subsection.18.1}{\376\377\000K\000e\000y\000\040\000M\000e\000t\000r\000i\000c\000s}{section.18}% 83
\BOOKMARK [2][-]{subsection.18.2}{\376\377\000P\000h\000a\000s\000e\000\040\000I\000\040\000P\000r\000o\000t\000o\000c\000o\000l\000:\000\040\000W\000i\000d\000e\000\040\000S\000l\000i\000c\000e\000\040\000A\000b\000s\000t\000e\000n\000t\000i\000o\000n\000\040\000D\000y\000n\000a\000m\000i\000c\000s}{section.18}% 84
\BOOKMARK [2][-]{subsection.18.3}{\376\377\000T\000h\000e\000\040\000p\000\040\000L\000e\000a\000r\000n\000i\000n\000g\000\040\000C\000u\000r\000v\000e\000:\000\040\000F\000o\000r\000m\000a\000l\000i\000z\000i\000n\000g\000\040\000U\000p\000l\000i\000f\000t}{section.18}% 85
\BOOKMARK [2][-]{subsection.18.4}{\376\377\000S\000c\000a\000l\000i\000n\000g\000\040\000C\000u\000r\000v\000e\000s}{section.18}% 86
\BOOKMARK [2][-]{subsection.18.5}{\376\377\000O\000p\000e\000r\000a\000t\000i\000o\000n\000a\000l\000i\000z\000a\000t\000i\000o\000n\000:\000\040\000T\000h\000e\000\040\000S\000h\000a\000d\000o\000w\000\040\000A\000u\000d\000i\000t\000\040\000C\000o\000n\000t\000a\000i\000n\000e\000r\000\040\000\050\000v\0000\000.\0001\000\051}{section.18}% 87
\BOOKMARK [2][-]{subsection.18.6}{\376\377\000C\000A\000L\000-\000E\000X\000P\000-\0003\000:\000\040\000E\000m\000p\000i\000r\000i\000c\000a\000l\000\040\000C\000l\000o\000s\000u\000r\000e\000\040\000o\000f\000\040\000P\000h\000a\000s\000e\000\040\000I}{section.18}% 88
\BOOKMARK [2][-]{subsection.18.7}{\376\377\000P\000o\000s\000t\000-\000A\000G\000I\000\040\000F\000r\000a\000m\000i\000n\000g\000:\000\040\000T\000h\000e\000\040\000E\000p\000i\000s\000t\000e\000m\000i\000c\000\040\000S\000u\000b\000s\000t\000r\000a\000t\000e\000,\000\040\000N\000o\000t\000\040\000t\000h\000e\000\040\000O\000v\000e\000r\000l\000o\000r\000d\000\040\000N\000a\000r\000r\000a\000t\000i\000v\000e}{section.18}% 89
\BOOKMARK [1][-]{section.19}{\376\377\000A\000g\000e\000n\000t\000i\000c\000\040\000S\000y\000s\000t\000e\000m\000s\000\040\000a\000n\000d\000\040\000E\000p\000i\000s\000t\000e\000m\000i\000c\000\040\000B\000o\000u\000n\000d\000a\000r\000i\000e\000s}{}% 90
\BOOKMARK [2][-]{subsection.19.1}{\376\377\000W\000h\000a\000t\000\040\000M\000a\000t\000h\000L\000e\000d\000g\000e\000r\000\040\000I\000s\000\040\000N\000o\000t}{section.19}% 91
\BOOKMARK [2][-]{subsection.19.2}{\376\377\000T\000h\000e\000\040\000P\000r\000o\000p\000e\000r\000\040\000O\000b\000j\000e\000c\000t\000\040\000o\000f\000\040\000A\000t\000t\000e\000s\000t\000a\000t\000i\000o\000n}{section.19}% 92
\BOOKMARK [2][-]{subsection.19.3}{\376\377\000A\000g\000e\000n\000t\000\040\000O\000u\000t\000p\000u\000t\000s\000\040\000W\000o\000r\000t\000h\000\040\000A\000t\000t\000e\000s\000t\000i\000n\000g}{section.19}% 93
\BOOKMARK [2][-]{subsection.19.4}{\376\377\000A\000g\000e\000n\000t\000\040\000O\000u\000t\000p\000u\000t\000s\000\040\000E\000x\000p\000l\000i\000c\000i\000t\000l\000y\000\040\000N\000o\000t\000\040\000A\000t\000t\000e\000s\000t\000e\000d}{section.19}% 94
\BOOKMARK [2][-]{subsection.19.5}{\376\377\000D\000u\000a\000l\000\040\000A\000t\000t\000e\000s\000t\000a\000t\000i\000o\000n\000\040\000i\000n\000\040\000A\000g\000e\000n\000t\000i\000c\000\040\000C\000o\000n\000t\000e\000x\000t\000s\000\040\000\050\000F\000u\000t\000u\000r\000e\000\040\000S\000c\000o\000p\000e\000\051}{section.19}% 95
\BOOKMARK [2][-]{subsection.19.6}{\376\377\000P\000h\000a\000s\000e\000\040\000D\000i\000s\000c\000i\000p\000l\000i\000n\000e}{section.19}% 96
\BOOKMARK [1][-]{section.20}{\376\377\000U\000n\000i\000f\000i\000e\000d\000\040\000S\000y\000s\000t\000e\000m\000\040\000L\000a\000w\000\040\000a\000n\000d\000\040\000t\000h\000e\000\040\000C\000a\000n\000o\000n\000i\000c\000a\000l\000\040\000S\000t\000a\000t\000e\000\040\000V\000e\000c\000t\000o\000r}{}% 97
\BOOKMARK [2][-]{subsection.20.1}{\376\377\000S\000y\000s\000t\000e\000m\000\040\000L\000a\000w\000\040\000O\000v\000e\000r\000v\000i\000e\000w}{section.20}% 98
\BOOKMARK [2][-]{subsection.20.2}{\376\377\000T\000h\000e\000\040\0001\0005\000-\000D\000i\000m\000e\000n\000s\000i\000o\000n\000a\000l\000\040\000C\000a\000n\000o\000n\000i\000c\000a\000l\000\040\000S\000t\000a\000t\000e\000\040\000V\000e\000c\000t\000o\000r}{section.20}% 99
\BOOKMARK [2][-]{subsection.20.3}{\376\377\000C\000a\000n\000o\000n\000i\000c\000a\000l\000\040\000U\000p\000d\000a\000t\000e\000\040\000O\000p\000e\000r\000a\000t\000o\000r\000\040\000F}{section.20}% 100
\BOOKMARK [2][-]{subsection.20.4}{\376\377\000G\000o\000v\000e\000r\000n\000a\000n\000c\000e\000\040\000J\000a\000c\000o\000b\000i\000a\000n}{section.20}% 101
\BOOKMARK [2][-]{subsection.20.5}{\376\377\000S\000a\000f\000e\000\040\000R\000e\000g\000i\000o\000n\000\040}{section.20}% 102
\BOOKMARK [2][-]{subsection.20.6}{\376\377\000H\000A\000R\000D\000\040\000M\000o\000d\000e\000\040\000A\000c\000t\000i\000v\000a\000t\000i\000o\000n\000\040\000E\000n\000v\000e\000l\000o\000p\000e}{section.20}% 103
\BOOKMARK [2][-]{subsection.20.7}{\376\377\000C\000o\000h\000e\000r\000e\000n\000c\000e\000\040\000D\000e\000f\000e\000c\000t\000\040\000I\000n\000v\000e\000n\000t\000o\000r\000y\000\040\000\050\000C\000D\000I\000\051}{section.20}% 104
\BOOKMARK [2][-]{subsection.20.8}{\376\377\000I\000n\000v\000a\000r\000i\000a\000n\000t\000\040\000S\000y\000s\000t\000e\000m}{section.20}% 105
\BOOKMARK [2][-]{subsection.20.9}{\376\377\000D\000i\000g\000i\000t\000a\000l\000\040\000T\000w\000i\000n\000:\000\040\000T\000h\000e\000\040\000U\000S\000L\000A\000\040\000S\000i\000m\000u\000l\000a\000t\000o\000r}{section.20}% 106
\BOOKMARK [1][-]{section.21}{\376\377\000S\000h\000a\000d\000o\000w\000\040\000M\000o\000d\000e\000,\000\040\000U\000S\000L\000A\000B\000r\000i\000d\000g\000e\000,\000\040\000a\000n\000d\000\040\000D\000i\000v\000e\000r\000g\000e\000n\000c\000e\000\040\000M\000o\000n\000i\000t\000o\000r\000i\000n\000g}{}% 107
\BOOKMARK [2][-]{subsection.21.1}{\376\377\000U\000S\000L\000A\000B\000r\000i\000d\000g\000e}{section.21}% 108
\BOOKMARK [2][-]{subsection.21.2}{\376\377\000S\000h\000a\000d\000o\000w\000\040\000L\000o\000g\000g\000i\000n\000g}{section.21}% 109
\BOOKMARK [2][-]{subsection.21.3}{\376\377\000D\000i\000v\000e\000r\000g\000e\000n\000c\000e\000\040\000M\000o\000n\000i\000t\000o\000r}{section.21}% 110
\BOOKMARK [1][-]{section.22}{\376\377\000R\000e\000s\000p\000o\000n\000s\000i\000b\000i\000l\000i\000t\000y\000\040\000B\000o\000u\000n\000d\000a\000r\000y}{}% 111
\BOOKMARK [1][-]{section.23}{\376\377\000O\000p\000e\000r\000a\000t\000i\000o\000n\000a\000l\000\040\000V\000e\000r\000t\000i\000c\000a\000l\000\040\000S\000l\000i\000c\000e\000\040\000a\000n\000d\000\040\000R\000u\000n\000b\000o\000o\000k\000:\000\040\000F\000i\000r\000s\000t\000\040\000O\000r\000g\000a\000n\000i\000s\000m}{}% 112
\BOOKMARK [2][-]{subsection.23.1}{\376\377\000C\000o\000n\000c\000e\000p\000t\000u\000a\000l\000\040\000O\000b\000j\000e\000c\000t\000i\000v\000e}{section.23}% 113
\BOOKMARK [2][-]{subsection.23.2}{\376\377\000I\000n\000v\000a\000r\000i\000a\000n\000t\000s\000\040\000f\000o\000r\000\040\000a\000\040\000`\000`\000G\000r\000e\000e\000n\000'\000'\000\040\000F\000i\000r\000s\000t\000\040\000O\000r\000g\000a\000n\000i\000s\000m}{section.23}% 114
\BOOKMARK [2][-]{subsection.23.3}{\376\377\000O\000p\000e\000r\000a\000t\000i\000o\000n\000a\000l\000\040\000R\000u\000n\000b\000o\000o\000k\000\040\000\050\000E\000x\000a\000m\000p\000l\000e\000\051}{section.23}% 115
\BOOKMARK [1][-]{section.24}{\376\377\000M\000a\000t\000h\000L\000e\000d\000g\000e\000r\000\040\000v\000s\000.\000\040\000A\000I\000\040\000I\000n\000d\000u\000s\000t\000r\000y\000\040\000B\000o\000t\000t\000l\000e\000n\000e\000c\000k\000s\000\040\000a\000n\000d\000\040\000R\000e\000l\000a\000t\000e\000d\000\040\000S\000y\000s\000t\000e\000m\000s}{}% 116
\BOOKMARK [2][-]{subsection.24.1}{\376\377\000I\000n\000d\000u\000s\000t\000r\000y\000\040\000B\000o\000t\000t\000l\000e\000n\000e\000c\000k\000s}{section.24}% 117
\BOOKMARK [2][-]{subsection.24.2}{\376\377\000C\000o\000r\000r\000e\000c\000t\000n\000e\000s\000s\000,\000\040\000C\000o\000h\000e\000r\000e\000n\000c\000e\000,\000\040\000S\000t\000a\000b\000i\000l\000i\000t\000y\000:\000\040\000T\000h\000e\000\040\000T\000h\000r\000e\000e\000\040\000A\000x\000e\000s\000\040\000o\000f\000\040\000C\000o\000g\000n\000i\000t\000i\000v\000e\000\040\000S\000a\000f\000e\000t\000y}{section.24}% 118
\BOOKMARK [2][-]{subsection.24.3}{\376\377\000C\000o\000n\000t\000e\000x\000t\000:\000\040\000T\000h\000e\000\040\000C\000o\000l\000l\000a\000p\000s\000e\000\040\000o\000f\000\040\000S\000t\000a\000t\000i\000c\000\040\000B\000e\000n\000c\000h\000m\000a\000r\000k\000s\000\040\000a\000n\000d\000\040\000t\000h\000e\000\040\000R\000i\000s\000e\000\040\000o\000f\000\040\000V\000e\000r\000i\000f\000i\000a\000b\000l\000e\000\040\000C\000o\000g\000n\000i\000t\000i\000o\000n}{section.24}% 119
\BOOKMARK [2][-]{subsection.24.4}{\376\377\000T\000h\000e\000\040\000E\000p\000i\000s\000t\000e\000m\000i\000c\000\040\000E\000c\000o\000n\000o\000m\000i\000c\000s\000\040\000o\000f\000\040\000T\000r\000u\000s\000t\000:\000\040\000W\000h\000y\000\040\000L\000e\000d\000g\000e\000r\000s\000\040\000S\000u\000p\000e\000r\000s\000e\000d\000e\000\040\000B\000e\000n\000c\000h\000m\000a\000r\000k\000s}{section.24}% 120
\BOOKMARK [2][-]{subsection.24.5}{\376\377\000R\000e\000i\000n\000f\000o\000r\000c\000e\000m\000e\000n\000t\000\040\000L\000e\000a\000r\000n\000i\000n\000g\000\040\000w\000i\000t\000h\000\040\000V\000e\000r\000i\000f\000i\000a\000b\000l\000e\000\040\000F\000e\000e\000d\000b\000a\000c\000k\000\040\000\050\000R\000L\000V\000F\000\051\000:\000\040\000T\000h\000e\000\040\000I\000n\000d\000u\000s\000t\000r\000y\040\031\000s\000\040\000N\000e\000x\000t\000\040\000P\000h\000a\000s\000e}{section.24}% 121
\BOOKMARK [2][-]{subsection.24.6}{\376\377\000I\000m\000p\000l\000i\000c\000a\000t\000i\000o\000n\000s\000\040\000f\000o\000r\000\040\000A\000G\000I\000\040\000G\000o\000v\000e\000r\000n\000a\000n\000c\000e\000\040\000a\000n\000d\000\040\000t\000h\000e\000\040\0005\000-\0001\0000\000\040\000Y\000e\000a\000r\000\040\000H\000o\000r\000i\000z\000o\000n}{section.24}% 122
\BOOKMARK [2][-]{subsection.24.7}{\376\377\000R\000e\000l\000a\000t\000e\000d\000\040\000S\000y\000s\000t\000e\000m\000s\000\040\000a\000n\000d\000\040\000D\000i\000f\000f\000e\000r\000e\000n\000t\000i\000a\000t\000i\000o\000n}{section.24}% 123
\BOOKMARK [2][-]{subsection.24.7}{\376\377\000A\000d\000d\000e\000n\000d\000u\000m\000:\000\040\000T\000o\000p\000o\000l\000o\000g\000y\000\040\000a\000s\000\040\000a\000\040\000C\000o\000o\000r\000d\000i\000n\000a\000t\000e\000-\000F\000r\000e\000e\000\040\000S\000a\000f\000e\000t\000y\000\040\000R\000a\000i\000l}{section.24}% 124
\BOOKMARK [2][-]{subsection.24.8}{\376\377\000F\000u\000t\000u\000r\000e\000\040\000M\000o\000d\000e\000l\000\040\000A\000r\000c\000h\000i\000t\000e\000c\000t\000u\000r\000e\000s\000:\000\040\000D\000y\000n\000a\000m\000i\000c\000\040\000C\000o\000r\000e\000s\000\040\000a\000n\000d\000\040\000M\000a\000t\000h\000L\000e\000d\000g\000e\000r}{section.24}% 125
\BOOKMARK [1][-]{section.25}{\376\377\000T\000h\000e\000\040\000Q\000u\000a\000n\000t\000u\000m\000\040\000E\000r\000a\000\040\000a\000n\000d\000\040\000M\000a\000t\000h\000L\000e\000d\000g\000e\000r}{}% 126
\BOOKMARK [2][-]{subsection.25.1}{\376\377\000Q\000u\000a\000n\000t\000u\000m\000\040\000A\000c\000c\000e\000l\000e\000r\000a\000t\000i\000o\000n\000\040\000v\000s\000.\000\040\000V\000e\000r\000i\000f\000i\000a\000b\000l\000e\000\040\000S\000u\000b\000s\000t\000r\000a\000t\000e\000s}{section.25}% 127
\BOOKMARK [2][-]{subsection.25.2}{\376\377\000Q\000u\000a\000n\000t\000u\000m\000\040\000a\000s\000\040\000a\000\040\000P\000r\000o\000v\000e\000r\000,\000\040\000M\000a\000t\000h\000L\000e\000d\000g\000e\000r\000\040\000a\000s\000\040\000t\000h\000e\000\040\000J\000u\000d\000g\000e}{section.25}% 128
\BOOKMARK [2][-]{subsection.25.2}{\376\377\000A\000d\000d\000e\000n\000d\000u\000m\000:\000\040\000T\000D\000A\000\040\000f\000o\000r\000\040\000H\000y\000b\000r\000i\000d\000\040\000C\000l\000a\000s\000s\000i\000c\000a\000l\000/\000Q\000u\000a\000n\000t\000u\000m\000\040\000R\000e\000a\000s\000o\000n\000e\000r\000s}{section.25}% 129
\BOOKMARK [2][-]{subsection.25.3}{\376\377\000Q\000u\000a\000n\000t\000u\000m\000-\000R\000e\000s\000i\000l\000i\000e\000n\000t\000\040\000D\000e\000s\000i\000g\000n\000\040\000I\000n\000v\000a\000r\000i\000a\000n\000t\000s}{section.25}% 130
\BOOKMARK [2][-]{subsection.25.4}{\376\377\000S\000t\000r\000a\000t\000e\000g\000i\000c\000\040\000R\000o\000l\000e\000\040\000o\000f\000\040\000M\000a\000t\000h\000L\000e\000d\000g\000e\000r\000\040\000i\000n\000\040\000a\000\040\000Q\000u\000a\000n\000t\000u\000m\000-\000E\000n\000a\000b\000l\000e\000d\000\040\000W\000o\000r\000l\000d}{section.25}% 131
\BOOKMARK [1][-]{section.26}{\376\377\000H\000o\000w\000\040\000t\000o\000\040\000U\000s\000e\000\040\000T\000h\000i\000s\000\040\000M\000a\000n\000u\000a\000l\000\040\000a\000s\000\040\000A\000r\000c\000h\000i\000t\000e\000c\000t}{}% 132
\BOOKMARK [1][-]{section.27}{\376\377\000T\000o\000p\000o\000l\000o\000g\000i\000c\000a\000l\000\040\000D\000a\000t\000a\000\040\000A\000n\000a\000l\000y\000s\000i\000s\000\040\000a\000n\000d\000\040\000t\000h\000e\000\040\000S\000t\000r\000u\000c\000t\000u\000r\000a\000l\000\040\000I\000n\000t\000e\000g\000r\000i\000t\000y\000\040\000o\000f\000\040\000C\000o\000g\000n\000i\000t\000i\000o\000n}{}% 133
\BOOKMARK [2][-]{subsection.27.1}{\376\377\000W\000h\000y\000\040\000T\000D\000A\000\040\000M\000a\000t\000t\000e\000r\000s\000\040\000f\000o\000r\000\040\000R\000e\000a\000s\000o\000n\000i\000n\000g\000\040\000S\000y\000s\000t\000e\000m\000s}{section.27}% 134
\BOOKMARK [2][-]{subsection.27.2}{\376\377\000P\000r\000o\000o\000f\000\040\000D\000A\000G\000s\000\040\000a\000s\000\040\000S\000i\000m\000p\000l\000i\000c\000i\000a\000l\000\040\000C\000o\000m\000p\000l\000e\000x\000e\000s}{section.27}% 135
\BOOKMARK [2][-]{subsection.27.3}{\376\377\000P\000e\000r\000s\000i\000s\000t\000e\000n\000t\000\040\000H\000o\000m\000o\000l\000o\000g\000y\000\040\000o\000f\000\040\000R\000e\000a\000s\000o\000n\000i\000n\000g\000\040\000T\000r\000a\000j\000e\000c\000t\000o\000r\000i\000e\000s}{section.27}% 136
\BOOKMARK [2][-]{subsection.27.4}{\376\377\000T\000h\000e\000\040\000H\000a\000l\000l\000u\000c\000i\000n\000a\000t\000i\000o\000n\000\040\000S\000t\000a\000b\000i\000l\000i\000t\000y\000\040\000S\000c\000o\000r\000e\000\040\000\050\000H\000S\000S\000\051}{section.27}% 137
\BOOKMARK [2][-]{subsection.27.5}{\376\377\000T\000h\000e\000\040\000T\000D\000A\000\040\000M\000i\000n\000d\000\040\000S\000c\000a\000n\000n\000e\000r\000\040\000A\000r\000c\000h\000i\000t\000e\000c\000t\000u\000r\000e}{section.27}% 138
\BOOKMARK [2][-]{subsection.27.6}{\376\377\000I\000n\000t\000e\000g\000r\000a\000t\000i\000o\000n\000\040\000w\000i\000t\000h\000\040\000R\000F\000L\000\040\000a\000n\000d\000\040\000D\000u\000a\000l\000\040\000A\000t\000t\000e\000s\000t\000a\000t\000i\000o\000n}{section.27}% 139
\BOOKMARK [2][-]{subsection.27.7}{\376\377\000U\000s\000e\000\040\000C\000a\000s\000e\000s\000:\000\040\000D\000r\000i\000f\000t\000,\000\040\000D\000e\000g\000e\000n\000e\000r\000a\000c\000y\000,\000\040\000a\000n\000d\000\040\000S\000e\000l\000f\000-\000M\000o\000d\000i\000f\000i\000c\000a\000t\000i\000o\000n}{section.27}% 140
\BOOKMARK [2][-]{subsection.27.8}{\376\377\000I\000m\000p\000l\000i\000c\000a\000t\000i\000o\000n\000s\000\040\000f\000o\000r\000\040\000P\000h\000a\000s\000e\000\040\000I\000I\000I\000\040\000a\000n\000d\000\040\000A\000G\000I\000\040\000G\000o\000v\000e\000r\000n\000a\000n\000c\000e}{section.27}% 141
\BOOKMARK [1][-]{section.28}{\376\377\000W\000h\000y\000\040\000S\000u\000b\000s\000t\000r\000a\000t\000e\000\040\000M\000u\000s\000t\000\040\000P\000r\000e\000c\000e\000d\000e\000\040\000S\000c\000a\000l\000e\000:\000\040\000T\000h\000e\000\040\000L\000i\000m\000i\000t\000s\000\040\000o\000f\000\040\000E\000m\000e\000r\000g\000e\000n\000t\000\040\000G\000o\000v\000e\000r\000n\000a\000n\000c\000e}{}% 142
\BOOKMARK [2][-]{subsection.28.1}{\376\377\000E\000m\000e\000r\000g\000e\000n\000c\000e\000\040\000v\000s\000.\000\040\000C\000o\000n\000s\000t\000r\000u\000c\000t\000e\000d\000\040\000G\000o\000v\000e\000r\000n\000a\000n\000c\000e}{section.28}% 143
\BOOKMARK [2][-]{subsection.28.2}{\376\377\000S\000c\000a\000l\000i\000n\000g\000\040\000C\000a\000p\000a\000b\000i\000l\000i\000t\000y\000\040\000D\000o\000e\000s\000\040\000N\000o\000t\000\040\000S\000c\000a\000l\000e\000\040\000G\000o\000v\000e\000r\000n\000a\000n\000c\000e}{section.28}% 144
\BOOKMARK [2][-]{subsection.28.3}{\376\377\000W\000h\000y\000\040\000S\000u\000b\000s\000t\000r\000a\000t\000e\000-\000L\000e\000v\000e\000l\000\040\000L\000a\000w\000s\000\040\000C\000a\000n\000n\000o\000t\000\040\000S\000i\000m\000p\000l\000y\000\040\000`\000`\000E\000m\000e\000r\000g\000e\000'\000'}{section.28}% 145
\BOOKMARK [2][-]{subsection.28.4}{\376\377\000L\000i\000m\000i\000t\000s\000\040\000o\000f\000\040\000R\000e\000t\000r\000o\000a\000c\000t\000i\000v\000e\000\040\000S\000e\000l\000f\000-\000G\000o\000v\000e\000r\000n\000a\000n\000c\000e}{section.28}% 146
\BOOKMARK [2][-]{subsection.28.5}{\376\377\000P\000h\000a\000s\000e\000\040\0000\000:\000\040\000T\000h\000e\000\040\000S\000u\000b\000s\000t\000r\000a\000t\000e\000\040\000W\000i\000n\000d\000o\000w}{section.28}% 147
\BOOKMARK [2][-]{subsection.28.6}{\376\377\000M\000a\000t\000h\000L\000e\000d\000g\000e\000r\000\040\000a\000s\000\040\000P\000h\000a\000s\000e\000\040\0000\000\040\000S\000u\000b\000s\000t\000r\000a\000t\000e}{section.28}% 148
\BOOKMARK [1][-]{section.29}{\376\377\000T\000o\000p\000o\000l\000o\000g\000y\000\040\000F\000i\000r\000s\000t\000:\000\040\000W\000h\000y\000\040\000S\000t\000r\000u\000c\000t\000u\000r\000e\000\040\000P\000r\000e\000c\000e\000d\000e\000s\000\040\000L\000e\000a\000r\000n\000i\000n\000g}{}% 149
\BOOKMARK [2][-]{subsection.29.1}{\376\377\000T\000o\000p\000o\000l\000o\000g\000y\000\040\000D\000e\000t\000e\000r\000m\000i\000n\000e\000s\000\040\000F\000u\000n\000c\000t\000i\000o\000n\000\040\000i\000n\000\040\000C\000o\000g\000n\000i\000t\000i\000v\000e\000\040\000S\000y\000s\000t\000e\000m\000s}{section.29}% 150
\BOOKMARK [2][-]{subsection.29.2}{\376\377\000F\000r\000o\000m\000\040\000R\000F\000L\000-\000O\000n\000l\000y\000\040\000t\000o\000\040\000S\000t\000r\000u\000c\000t\000u\000r\000e\000-\000G\000o\000v\000e\000r\000n\000e\000d\000\040\000C\000o\000g\000n\000i\000t\000i\000o\000n}{section.29}% 151
\BOOKMARK [2][-]{subsection.29.3}{\376\377\000T\000o\000p\000o\000l\000o\000g\000y\000\040\000a\000s\000\040\000C\000o\000g\000n\000i\000t\000i\000v\000e\000\040\000P\000h\000y\000s\000i\000c\000s}{section.29}% 152
\BOOKMARK [1][-]{section.30}{\376\377\000W\000h\000y\000\040\000A\000I\000\040\000W\000r\000a\000p\000p\000e\000r\000s\000\040\000C\000a\000n\000n\000o\000t\000\040\000S\000t\000a\000b\000i\000l\000i\000z\000e\000\040\000C\000o\000g\000n\000i\000t\000i\000o\000n}{}% 153
\BOOKMARK [2][-]{subsection.30.1}{\376\377\000W\000r\000a\000p\000p\000e\000r\000s\000\040\000A\000r\000e\000\040\000P\000r\000o\000c\000e\000d\000u\000r\000a\000l\000,\000\040\000N\000o\000t\000\040\000S\000t\000r\000u\000c\000t\000u\000r\000a\000l}{section.30}% 154
\BOOKMARK [2][-]{subsection.30.2}{\376\377\000W\000h\000y\000\040\000L\000L\000M\000s\000\040\000L\000a\000c\000k\000\040\000S\000t\000a\000b\000l\000e\000\040\000G\000e\000o\000m\000e\000t\000r\000y}{section.30}% 155
\BOOKMARK [2][-]{subsection.30.3}{\376\377\000E\000x\000t\000e\000r\000n\000a\000l\000\040\000G\000e\000o\000m\000e\000t\000r\000y\000\040\000a\000s\000\040\000t\000h\000e\000\040\000O\000n\000l\000y\000\040\000R\000e\000l\000i\000a\000b\000l\000e\000\040\000S\000a\000f\000e\000t\000y\000\040\000B\000o\000u\000n\000d\000a\000r\000y}{section.30}% 156
\BOOKMARK [1][-]{appendix.A}{\376\377\000T\000o\000p\000o\000l\000o\000g\000y\000\040\000F\000i\000r\000s\000t\000:\000\040\000W\000h\000y\000\040\000S\000t\000r\000u\000c\000t\000u\000r\000e\000\040\000P\000r\000e\000c\000e\000d\000e\000s\000\040\000L\000e\000a\000r\000n\000i\000n\000g}{}% 157
\BOOKMARK [2][-]{subsection.A.1}{\376\377\000T\000o\000p\000o\000l\000o\000g\000y\000\040\000D\000e\000t\000e\000r\000m\000i\000n\000e\000s\000\040\000F\000u\000n\000c\000t\000i\000o\000n\000\040\000i\000n\000\040\000C\000o\000g\000n\000i\000t\000i\000v\000e\000\040\000S\000y\000s\000t\000e\000m\000s}{appendix.A}% 158
\BOOKMARK [2][-]{subsection.A.2}{\376\377\000F\000r\000o\000m\000\040\000R\000F\000L\000-\000O\000n\000l\000y\000\040\000t\000o\000\040\000S\000t\000r\000u\000c\000t\000u\000r\000e\000-\000G\000o\000v\000e\000r\000n\000e\000d\000\040\000C\000o\000g\000n\000i\000t\000i\000o\000n}{appendix.A}% 159
\BOOKMARK [2][-]{subsection.A.3}{\376\377\000T\000o\000p\000o\000l\000o\000g\000y\000\040\000a\000s\000\040\000C\000o\000g\000n\000i\000t\000i\000v\000e\000\040\000P\000h\000y\000s\000i\000c\000s}{appendix.A}% 160
\BOOKMARK [1][-]{appendix.B}{\376\377\000W\000h\000y\000\040\000A\000I\000\040\000W\000r\000a\000p\000p\000e\000r\000s\000\040\000C\000a\000n\000n\000o\000t\000\040\000S\000t\000a\000b\000i\000l\000i\000z\000e\000\040\000C\000o\000g\000n\000i\000t\000i\000o\000n}{}% 161
\BOOKMARK [2][-]{subsection.B.1}{\376\377\000W\000r\000a\000p\000p\000e\000r\000s\000\040\000A\000r\000e\000\040\000P\000r\000o\000c\000e\000d\000u\000r\000a\000l\000,\000\040\000N\000o\000t\000\040\000S\000t\000r\000u\000c\000t\000u\000r\000a\000l}{appendix.B}% 162
\BOOKMARK [2][-]{subsection.B.2}{\376\377\000W\000h\000y\000\040\000L\000L\000M\000s\000\040\000L\000a\000c\000k\000\040\000S\000t\000a\000b\000l\000e\000\040\000G\000e\000o\000m\000e\000t\000r\000y}{appendix.B}% 163
\BOOKMARK [2][-]{subsection.B.3}{\376\377\000E\000x\000t\000e\000r\000n\000a\000l\000\040\000G\000e\000o\000m\000e\000t\000r\000y\000\040\000a\000s\000\040\000t\000h\000e\000\040\000O\000n\000l\000y\000\040\000R\000e\000l\000i\000a\000b\000l\000e\000\040\000S\000a\000f\000e\000t\000y\000\040\000B\000o\000u\000n\000d\000a\000r\000y}{appendix.B}% 164
\BOOKMARK [1][-]{subsection.B.3}{\376\377\000A\000p\000p\000e\000n\000d\000i\000x\000\040\000C\000:\000\040\000T\000h\000e\000\040\000T\000D\000A\000\040\000M\000i\000n\000d\000\040\000S\000c\000a\000n\000n\000e\000r\000\040\000\050\000O\000p\000e\000r\000a\000t\000i\000o\000n\000\040\000C\000O\000R\000T\000E\000X\000\051}{}% 165
\BOOKMARK [1][-]{appendix.A}{\376\377\000T\000o\000p\000o\000l\000o\000g\000i\000c\000a\000l\000\040\000F\000o\000u\000n\000d\000a\000t\000i\000o\000n\000s}{}% 166
\BOOKMARK [2][-]{subsection.A.1}{\376\377\000C\000l\000i\000q\000u\000e\000\040\000C\000o\000m\000p\000l\000e\000x\000\040\000o\000f\000\040\000a\000\040\000P\000r\000o\000o\000f\000\040\000D\000A\000G}{appendix.A}% 167
\BOOKMARK [2][-]{subsection.A.2}{\376\377\000M\000e\000t\000r\000i\000c\000\040\000F\000i\000l\000t\000r\000a\000t\000i\000o\000n\000\040\000o\000f\000\040\000R\000e\000a\000s\000o\000n\000i\000n\000g\000\040\000T\000r\000a\000j\000e\000c\000t\000o\000r\000i\000e\000s}{appendix.A}% 168
\BOOKMARK [1][-]{appendix.B}{\376\377\000S\000t\000r\000u\000c\000t\000u\000r\000a\000l\000\040\000N\000o\000n\000-\000T\000r\000i\000v\000i\000a\000l\000i\000t\000y\000\040\000S\000c\000o\000r\000e\000\040\000\050\000S\000N\000S\000\051}{}% 169
\BOOKMARK [1][-]{appendix.C}{\376\377\000P\000e\000r\000s\000i\000s\000t\000e\000n\000c\000e\000\040\000C\000o\000h\000e\000r\000e\000n\000c\000e\000\040\000S\000c\000o\000r\000e\000\040\000\050\000P\000C\000S\000\051}{}% 170
\BOOKMARK [1][-]{appendix.D}{\376\377\000D\000e\000v\000i\000a\000t\000i\000o\000n\000-\000f\000r\000o\000m\000-\000R\000e\000f\000e\000r\000e\000n\000c\000e\000\040\000S\000c\000o\000r\000e\000\040\000\050\000D\000R\000S\000\051}{}% 171
\BOOKMARK [1][-]{appendix.E}{\376\377\000H\000a\000l\000l\000u\000c\000i\000n\000a\000t\000i\000o\000n\000\040\000S\000t\000a\000b\000i\000l\000i\000t\000y\000\040\000S\000c\000o\000r\000e\000\040\000\050\000H\000S\000S\000\051}{}% 172
\BOOKMARK [1][-]{appendix.F}{\376\377\000T\000D\000A\000M\000o\000n\000i\000t\000o\000r\000\040\000A\000r\000c\000h\000i\000t\000e\000c\000t\000u\000r\000e}{}% 173
\BOOKMARK [1][-]{appendix.G}{\376\377\000I\000n\000t\000e\000g\000r\000a\000t\000i\000o\000n\000\040\000w\000i\000t\000h\000\040\000U\0002\000R\000u\000n\000n\000e\000r\000,\000\040\000R\000F\000L\000,\000\040\000a\000n\000d\000\040\000M\000e\000t\000a\000-\000L\000e\000a\000r\000n\000i\000n\000g}{}% 174
\BOOKMARK [2][-]{subsection.G.1}{\376\377\000I\000n\000t\000e\000g\000r\000a\000t\000i\000o\000n\000\040\000w\000i\000t\000h\000\040\000U\0002\000R\000u\000n\000n\000e\000r}{appendix.G}% 175
\BOOKMARK [2][-]{subsection.G.2}{\376\377\000I\000n\000t\000e\000g\000r\000a\000t\000i\000o\000n\000\040\000w\000i\000t\000h\000\040\000R\000F\000L}{appendix.G}% 176
\BOOKMARK [2][-]{subsection.G.3}{\376\377\000I\000n\000t\000e\000g\000r\000a\000t\000i\000o\000n\000\040\000w\000i\000t\000h\000\040\000D\000i\000s\000c\000o\000R\000L\000-\000S\000t\000y\000l\000e\000\040\000M\000e\000t\000a\000-\000L\000e\000a\000r\000n\000i\000n\000g}{appendix.G}% 177
\BOOKMARK [1][-]{appendix.H}{\376\377\000F\000a\000i\000l\000u\000r\000e\000\040\000M\000o\000d\000e\000s\000,\000\040\000D\000r\000i\000f\000t\000,\000\040\000a\000n\000d\000\040\000D\000e\000g\000e\000n\000e\000r\000a\000c\000y}{}% 178
\BOOKMARK [1][-]{appendix.I}{\376\377\000G\000o\000v\000e\000r\000n\000a\000n\000c\000e\000,\000\040\000I\000n\000v\000a\000r\000i\000a\000n\000t\000s\000,\000\040\000a\000n\000d\000\040\000P\000h\000a\000s\000e\000\040\000I\000I\000I\000\040\000I\000m\000p\000l\000i\000c\000a\000t\000i\000o\000n\000s}{}% 179
\BOOKMARK [2][-]{paragraph*.55}{\376\377\000S\000u\000m\000m\000a\000r\000y\000\040\000\050\000A\000p\000p\000e\000n\000d\000i\000x\000\040\000C\000\051}{appendix.I}% 180
\BOOKMARK [1][-]{paragraph*.55}{\376\377\000A\000p\000p\000e\000n\000d\000i\000x\000\040\000D\000:\000\040\000C\000o\000g\000n\000i\000t\000i\000v\000e\000\040\000N\000a\000t\000i\000o\000n\000-\000S\000t\000a\000t\000e\000\040\000I\000s\000o\000m\000o\000r\000p\000h\000i\000s\000m}{}% 181
\BOOKMARK [1][-]{appendix.A}{\376\377\000G\000l\000o\000s\000s\000a\000r\000y\000\040\000a\000n\000d\000\040\000N\000o\000t\000a\000t\000i\000o\000n}{}% 182
\BOOKMARK [2][-]{subsection.A.1}{\376\377\000S\000y\000m\000b\000o\000l\000s}{appendix.A}% 183
\BOOKMARK [2][-]{subsection.A.2}{\376\377\000T\000e\000r\000m\000i\000n\000o\000l\000o\000g\000y}{appendix.A}% 184
\BOOKMARK [1][-]{appendix.B}{\376\377\000M\000e\000c\000h\000a\000n\000i\000s\000t\000i\000c\000\040\000G\000o\000v\000e\000r\000n\000a\000n\000c\000e\000\040\000v\000s\000.\000\040\000P\000o\000l\000i\000t\000i\000c\000a\000l\000\040\000A\000c\000t\000i\000v\000i\000s\000m}{}% 185
\BOOKMARK [2][-]{subsection.B.1}{\376\377\000T\000h\000e\000\040\000J\000e\000l\000l\000y\000f\000i\000s\000h\000\040\000P\000r\000o\000b\000l\000e\000m\000:\000\040\000W\000h\000y\000\040\000V\000i\000o\000l\000e\000n\000c\000e\000\040\000a\000n\000d\000\040\000W\000r\000a\000p\000p\000e\000r\000s\000\040\000F\000a\000i\000l}{appendix.B}% 186
\BOOKMARK [2][-]{subsection.B.2}{\376\377\000T\000h\000e\000\040\000P\000h\000y\000s\000i\000c\000s\000\040\000o\000f\000\040\000S\000a\000f\000e\000t\000y\000:\000\040\000A\000l\000i\000g\000n\000m\000e\000n\000t\000\040\000a\000s\000\040\000C\000o\000n\000t\000r\000o\000l\000\040\000T\000h\000e\000o\000r\000y}{appendix.B}% 187
\BOOKMARK [2][-]{subsection.B.3}{\376\377\000T\000h\000e\000\040\000I\000n\000v\000e\000r\000s\000i\000o\000n\000:\000\040\000S\000t\000r\000u\000c\000t\000u\000r\000e\000\040\000B\000e\000f\000o\000r\000e\000\040\000L\000e\000a\000r\000n\000i\000n\000g}{appendix.B}% 188
\BOOKMARK [2][-]{subsection.B.4}{\376\377\000A\000l\000i\000g\000n\000m\000e\000n\000t\000\040\000a\000s\000\040\000U\000n\000c\000e\000r\000t\000a\000i\000n\000t\000y\000\040\000R\000e\000d\000u\000c\000t\000i\000o\000n}{appendix.B}% 189
\BOOKMARK [2][-]{subsection.B.5}{\376\377\000B\000u\000i\000l\000d\000i\000n\000g\000\040\000t\000h\000e\000\040\000P\000h\000y\000s\000i\000c\000s\000\040\000o\000f\000\040\000C\000o\000g\000n\000i\000t\000i\000o\000n}{appendix.B}% 190
\BOOKMARK [1][-]{appendix.C}{\376\377\000M\000e\000c\000h\000a\000n\000i\000s\000t\000i\000c\000\040\000G\000o\000v\000e\000r\000n\000a\000n\000c\000e\000\040\000v\000s\000.\000\040\000P\000o\000l\000i\000t\000i\000c\000a\000l\000\040\000A\000c\000t\000i\000v\000i\000s\000m}{}% 191
\BOOKMARK [2][-]{subsection.C.1}{\376\377\000T\000h\000e\000\040\000J\000e\000l\000l\000y\000f\000i\000s\000h\000\040\000P\000r\000o\000b\000l\000e\000m\000:\000\040\000W\000h\000y\000\040\000V\000i\000o\000l\000e\000n\000c\000e\000\040\000a\000n\000d\000\040\000W\000r\000a\000p\000p\000e\000r\000s\000\040\000F\000a\000i\000l}{appendix.C}% 192
\BOOKMARK [2][-]{subsection.C.2}{\376\377\000T\000h\000e\000\040\000P\000h\000y\000s\000i\000c\000s\000\040\000o\000f\000\040\000S\000a\000f\000e\000t\000y\000:\000\040\000A\000l\000i\000g\000n\000m\000e\000n\000t\000\040\000a\000s\000\040\000C\000o\000n\000t\000r\000o\000l\000\040\000T\000h\000e\000o\000r\000y}{appendix.C}% 193
\BOOKMARK [2][-]{subsection.C.3}{\376\377\000T\000h\000e\000\040\000I\000n\000v\000e\000r\000s\000i\000o\000n\000:\000\040\000S\000t\000r\000u\000c\000t\000u\000r\000e\000\040\000B\000e\000f\000o\000r\000e\000\040\000L\000e\000a\000r\000n\000i\000n\000g}{appendix.C}% 194
\BOOKMARK [2][-]{subsection.C.4}{\376\377\000A\000l\000i\000g\000n\000m\000e\000n\000t\000\040\000a\000s\000\040\000U\000n\000c\000e\000r\000t\000a\000i\000n\000t\000y\000\040\000R\000e\000d\000u\000c\000t\000i\000o\000n}{appendix.C}% 195
\BOOKMARK [2][-]{subsection.C.5}{\376\377\000B\000u\000i\000l\000d\000i\000n\000g\000\040\000t\000h\000e\000\040\000P\000h\000y\000s\000i\000c\000s\000\040\000o\000f\000\040\000C\000o\000g\000n\000i\000t\000i\000o\000n}{appendix.C}% 196
\BOOKMARK [1][-]{appendix.D}{\376\377\000U\000S\000L\000A\000\040\000a\000s\000\040\000t\000h\000e\000\040\000G\000o\000v\000e\000r\000n\000i\000n\000g\000\040\000F\000r\000a\000m\000e\000\040\000o\000f\000\040\000t\000h\000e\000\040\000U\000n\000i\000v\000e\000r\000s\000a\000l\000\040\000S\000u\000b\000s\000p\000a\000c\000e}{}% 197
\BOOKMARK [2][-]{subsection.D.1}{\376\377\000T\000h\000e\000\040\000P\000a\000r\000a\000m\000e\000t\000e\000r\000\040\000S\000p\000a\000c\000e\000\040\000v\000s\000.\000\040\000S\000t\000a\000t\000e\000\040\000S\000p\000a\000c\000e\000\040\000D\000i\000s\000t\000i\000n\000c\000t\000i\000o\000n}{appendix.D}% 198
\BOOKMARK [2][-]{subsection.D.2}{\376\377\000U\000S\000L\000A\000\040\000a\000s\000\040\000a\000\040\000C\000o\000n\000t\000r\000o\000l\000\040\000B\000a\000s\000i\000s\000\040\000f\000o\000r\000\040\000a\000\040\000H\000i\000g\000h\000-\000D\000i\000m\000e\000n\000s\000i\000o\000n\000a\000l\000\040\000C\000o\000g\000n\000i\000t\000i\000v\000e\000\040\000S\000y\000s\000t\000e\000m}{appendix.D}% 199
\BOOKMARK [2][-]{subsection.D.3}{\376\377\000W\000h\000y\000\040\000D\000i\000s\000c\000o\000v\000e\000r\000i\000n\000g\000\040\000t\000h\000e\000\040\000S\000u\000b\000s\000p\000a\000c\000e\000\040\000D\000o\000e\000s\000\040\000N\000o\000t\000\040\000I\000m\000p\000l\000y\000\040\000G\000o\000v\000e\000r\000n\000a\000n\000c\000e}{appendix.D}% 200
\BOOKMARK [2][-]{subsection.D.4}{\376\377\000D\000e\000t\000e\000c\000t\000i\000n\000g\000\040\000D\000r\000i\000f\000t\000\040\000W\000i\000t\000h\000i\000n\000\040\000a\000n\000d\000\040\000B\000e\000y\000o\000n\000d\000\040\000t\000h\000e\000\040\000U\000n\000i\000v\000e\000r\000s\000a\000l\000\040\000S\000u\000b\000s\000p\000a\000c\000e}{appendix.D}% 201
\BOOKMARK [2][-]{subsection.D.5}{\376\377\000T\000h\000e\000\040\000M\000o\000a\000t\000:\000\040\000G\000o\000v\000e\000r\000n\000i\000n\000g\000\040\000v\000s\000.\000\040\000D\000i\000s\000c\000o\000v\000e\000r\000i\000n\000g}{appendix.D}% 202
\BOOKMARK [2][-]{subsection.D.6}{\376\377\000D\000u\000a\000l\000-\000U\000s\000e\000\040\000P\000o\000s\000i\000t\000i\000o\000n\000i\000n\000g}{appendix.D}% 203
\BOOKMARK [1][-]{appendix.A}{\376\377\000D\000e\000f\000e\000n\000s\000e\000\040\000C\000o\000m\000p\000l\000i\000a\000n\000c\000e\000\040\000A\000p\000p\000e\000n\000d\000i\000x\000:\000\040\000G\000o\000v\000e\000r\000n\000a\000n\000c\000e\000\040\000R\000e\000q\000u\000i\000r\000e\000m\000e\000n\000t\000s\000\040\000a\000n\000d\000\040\000M\000a\000t\000h\000L\000e\000d\000g\000e\000r}{}% 204
\BOOKMARK [2][-]{subsection.A.1}{\376\377\000P\000u\000r\000p\000o\000s\000e\000\040\000a\000n\000d\000\040\000S\000c\000o\000p\000e}{appendix.A}% 205
\BOOKMARK [2][-]{subsection.A.2}{\376\377\000R\000e\000g\000u\000l\000a\000t\000o\000r\000y\000\040\000R\000e\000q\000u\000i\000r\000e\000m\000e\000n\000t\000\040\000C\000l\000a\000s\000s\000e\000s}{appendix.A}% 206
\BOOKMARK [2][-]{subsection.A.3}{\376\377\000H\000u\000m\000a\000n\000\040\000O\000v\000e\000r\000r\000i\000d\000e\000\040\000v\000i\000a\000\040\000D\000u\000a\000l\000\040\000A\000t\000t\000e\000s\000t\000a\000t\000i\000o\000n}{appendix.A}% 207
\BOOKMARK [2][-]{subsection.A.4}{\376\377\000T\000e\000c\000h\000n\000i\000c\000a\000l\000\040\000C\000o\000n\000t\000r\000o\000l\000s\000\040\000v\000i\000a\000\040\000U\000S\000L\000A\000\040\000I\000n\000v\000a\000r\000i\000a\000n\000t\000s\000\040\000a\000n\000d\000\040\000T\000D\000A\000\040\000S\000t\000a\000b\000i\000l\000i\000t\000y}{appendix.A}% 208
\BOOKMARK [2][-]{subsection.A.5}{\376\377\000R\000i\000s\000k\000-\000I\000n\000f\000o\000r\000m\000e\000d\000\040\000S\000t\000r\000a\000t\000e\000g\000y\000\040\000v\000i\000a\000\040\000D\000i\000g\000i\000t\000a\000l\000\040\000T\000w\000i\000n\000\040\000a\000n\000d\000\040\000L\000e\000a\000r\000n\000i\000n\000g\000\040\000M\000e\000t\000r\000i\000c\000s}{appendix.A}% 209
\BOOKMARK [2][-]{subsection.A.6}{\376\377\000C\000o\000m\000p\000l\000i\000a\000n\000c\000e\000\040\000M\000a\000t\000r\000i\000x}{appendix.A}% 210
\BOOKMARK [2][-]{subsection.A.7}{\376\377\000D\000u\000a\000l\000-\000U\000s\000e\000\040\000P\000o\000s\000i\000t\000i\000o\000n\000i\000n\000g}{appendix.A}% 211
\BOOKMARK [1][-]{appendix.B}{\376\377\000S\000y\000n\000t\000h\000e\000t\000i\000c\000\040\000F\000i\000r\000s\000t\000\040\000L\000i\000g\000h\000t\000\040\000v\000s\000.\000\040\000R\000e\000a\000l\000-\000R\000u\000n\000n\000e\000r\000\040\000S\000h\000a\000d\000o\000w\000\040\000C\000o\000u\000p\000l\000i\000n\000g}{}% 212
\BOOKMARK [2][-]{subsection.B.1}{\376\377\000P\0003\000:\000\040\000S\000y\000n\000t\000h\000e\000t\000i\000c\000\040\000F\000i\000r\000s\000t\000\040\000L\000i\000g\000h\000t\000\040\040\024\000\040\000I\000n\000t\000e\000r\000n\000a\000l\000\040\000C\000o\000n\000s\000i\000s\000t\000e\000n\000c\000y\000\040\000C\000h\000e\000c\000k}{appendix.B}% 213
\BOOKMARK [2][-]{subsection.B.2}{\376\377\000P\0004\000:\000\040\000R\000e\000a\000l\000-\000R\000u\000n\000n\000e\000r\000\040\000S\000h\000a\000d\000o\000w\000\040\000C\000o\000u\000p\000l\000i\000n\000g\000\040\040\024\000\040\000R\000e\000a\000l\000i\000t\000y\000\040\000G\000a\000p\000\040\000C\000h\000e\000c\000k}{appendix.B}% 214
\BOOKMARK [2][-]{subsection.B.3}{\376\377\000T\000h\000e\000\040\000T\000\046\000E\000\040\000D\000o\000c\000t\000r\000i\000n\000e\000:\000\040\000W\000h\000y\000\040\000B\000o\000t\000h\000\040\000P\000h\000a\000s\000e\000s\000\040\000A\000r\000e\000\040\000R\000e\000q\000u\000i\000r\000e\000d}{appendix.B}% 215
\BOOKMARK [2][-]{subsection.B.4}{\376\377\000R\000e\000l\000a\000t\000i\000o\000n\000\040\000t\000o\000\040\000D\000e\000f\000e\000n\000s\000e\000\040\000a\000n\000d\000\040\000C\000o\000m\000p\000l\000i\000a\000n\000c\000e\000\040\000R\000e\000q\000u\000i\000r\000e\000m\000e\000n\000t\000s}{appendix.B}% 216
\BOOKMARK [2][-]{subsection.B.5}{\376\377\000D\000o\000c\000t\000r\000i\000n\000a\000l\000\040\000S\000u\000m\000m\000a\000r\000y}{appendix.B}% 217
\BOOKMARK [1][-]{subsection.B.5}{\376\377\000E\000p\000i\000l\000o\000g\000u\000e}{}% 218
